<?xml version="1.0" encoding="UTF-8"?>
<!-- Generated by org.testng.reporters.JUnitReportReporter -->
<testsuite hostname="PINTU" failures="0" tests="1" name="Demo" time="0.027" errors="0" timestamp="2024-10-22T19:29:28 IST" skipped="0">
  <testcase classname="Demo" name="helloWorld" time="0.027"/>
  <system-out/>
</testsuite> <!-- Demo -->
